<?xml version="1.0" encoding="UTF-8"?>
<testsuite xmlns:xsi="http://www.w3.org/2001/XMLSchema-instance" xsi:noNamespaceSchemaLocation="https://maven.apache.org/surefire/maven-surefire-plugin/xsd/surefire-test-report-3.0.xsd" version="3.0" name="com.example.zipcodeimporter.ZipcodeImporterApplicationTests" time="1.387" tests="1" errors="0" skipped="0" failures="0">
  <properties>
    <property name="java.specification.version" value="22"/>
    <property name="sun.jnu.encoding" value="UTF-8"/>
    <property name="java.class.path" value="/Users/josh.mccluskey/Desktop/zipcode-importer/target/test-classes:/Users/josh.mccluskey/Desktop/zipcode-importer/target/classes:/Users/josh.mccluskey/.m2/repository/org/springframework/boot/spring-boot-starter-data-mongodb/3.3.3/spring-boot-starter-data-mongodb-3.3.3.jar:/Users/josh.mccluskey/.m2/repository/org/springframework/boot/spring-boot-starter/3.3.3/spring-boot-starter-3.3.3.jar:/Users/josh.mccluskey/.m2/repository/org/springframework/boot/spring-boot-starter-logging/3.3.3/spring-boot-starter-logging-3.3.3.jar:/Users/josh.mccluskey/.m2/repository/ch/qos/logback/logback-classic/1.5.7/logback-classic-1.5.7.jar:/Users/josh.mccluskey/.m2/repository/ch/qos/logback/logback-core/1.5.7/logback-core-1.5.7.jar:/Users/josh.mccluskey/.m2/repository/org/apache/logging/log4j/log4j-to-slf4j/2.23.1/log4j-to-slf4j-2.23.1.jar:/Users/josh.mccluskey/.m2/repository/org/apache/logging/log4j/log4j-api/2.23.1/log4j-api-2.23.1.jar:/Users/josh.mccluskey/.m2/repository/org/slf4j/jul-to-slf4j/2.0.16/jul-to-slf4j-2.0.16.jar:/Users/josh.mccluskey/.m2/repository/jakarta/annotation/jakarta.annotation-api/2.1.1/jakarta.annotation-api-2.1.1.jar:/Users/josh.mccluskey/.m2/repository/org/yaml/snakeyaml/2.2/snakeyaml-2.2.jar:/Users/josh.mccluskey/.m2/repository/org/mongodb/mongodb-driver-sync/5.0.1/mongodb-driver-sync-5.0.1.jar:/Users/josh.mccluskey/.m2/repository/org/mongodb/bson/5.0.1/bson-5.0.1.jar:/Users/josh.mccluskey/.m2/repository/org/mongodb/mongodb-driver-core/5.0.1/mongodb-driver-core-5.0.1.jar:/Users/josh.mccluskey/.m2/repository/org/mongodb/bson-record-codec/5.0.1/bson-record-codec-5.0.1.jar:/Users/josh.mccluskey/.m2/repository/org/springframework/data/spring-data-mongodb/4.3.3/spring-data-mongodb-4.3.3.jar:/Users/josh.mccluskey/.m2/repository/org/springframework/spring-tx/6.1.12/spring-tx-6.1.12.jar:/Users/josh.mccluskey/.m2/repository/org/springframework/spring-context/6.1.12/spring-context-6.1.12.jar:/Users/josh.mccluskey/.m2/repository/org/springframework/spring-aop/6.1.12/spring-aop-6.1.12.jar:/Users/josh.mccluskey/.m2/repository/io/micrometer/micrometer-observation/1.13.3/micrometer-observation-1.13.3.jar:/Users/josh.mccluskey/.m2/repository/io/micrometer/micrometer-commons/1.13.3/micrometer-commons-1.13.3.jar:/Users/josh.mccluskey/.m2/repository/org/springframework/spring-beans/6.1.12/spring-beans-6.1.12.jar:/Users/josh.mccluskey/.m2/repository/org/springframework/spring-expression/6.1.12/spring-expression-6.1.12.jar:/Users/josh.mccluskey/.m2/repository/org/springframework/data/spring-data-commons/3.3.3/spring-data-commons-3.3.3.jar:/Users/josh.mccluskey/.m2/repository/org/slf4j/slf4j-api/2.0.16/slf4j-api-2.0.16.jar:/Users/josh.mccluskey/.m2/repository/org/springframework/boot/spring-boot-devtools/3.3.3/spring-boot-devtools-3.3.3.jar:/Users/josh.mccluskey/.m2/repository/org/springframework/boot/spring-boot/3.3.3/spring-boot-3.3.3.jar:/Users/josh.mccluskey/.m2/repository/org/springframework/boot/spring-boot-autoconfigure/3.3.3/spring-boot-autoconfigure-3.3.3.jar:/Users/josh.mccluskey/.m2/repository/org/projectlombok/lombok/1.18.34/lombok-1.18.34.jar:/Users/josh.mccluskey/.m2/repository/org/springframework/boot/spring-boot-starter-test/3.3.3/spring-boot-starter-test-3.3.3.jar:/Users/josh.mccluskey/.m2/repository/org/springframework/boot/spring-boot-test/3.3.3/spring-boot-test-3.3.3.jar:/Users/josh.mccluskey/.m2/repository/org/springframework/boot/spring-boot-test-autoconfigure/3.3.3/spring-boot-test-autoconfigure-3.3.3.jar:/Users/josh.mccluskey/.m2/repository/com/jayway/jsonpath/json-path/2.9.0/json-path-2.9.0.jar:/Users/josh.mccluskey/.m2/repository/jakarta/xml/bind/jakarta.xml.bind-api/4.0.2/jakarta.xml.bind-api-4.0.2.jar:/Users/josh.mccluskey/.m2/repository/jakarta/activation/jakarta.activation-api/2.1.3/jakarta.activation-api-2.1.3.jar:/Users/josh.mccluskey/.m2/repository/net/minidev/json-smart/2.5.1/json-smart-2.5.1.jar:/Users/josh.mccluskey/.m2/repository/net/minidev/accessors-smart/2.5.1/accessors-smart-2.5.1.jar:/Users/josh.mccluskey/.m2/repository/org/ow2/asm/asm/9.6/asm-9.6.jar:/Users/josh.mccluskey/.m2/repository/org/assertj/assertj-core/3.25.3/assertj-core-3.25.3.jar:/Users/josh.mccluskey/.m2/repository/net/bytebuddy/byte-buddy/1.14.19/byte-buddy-1.14.19.jar:/Users/josh.mccluskey/.m2/repository/org/awaitility/awaitility/4.2.2/awaitility-4.2.2.jar:/Users/josh.mccluskey/.m2/repository/org/hamcrest/hamcrest/2.2/hamcrest-2.2.jar:/Users/josh.mccluskey/.m2/repository/org/junit/jupiter/junit-jupiter/5.10.3/junit-jupiter-5.10.3.jar:/Users/josh.mccluskey/.m2/repository/org/junit/jupiter/junit-jupiter-api/5.10.3/junit-jupiter-api-5.10.3.jar:/Users/josh.mccluskey/.m2/repository/org/opentest4j/opentest4j/1.3.0/opentest4j-1.3.0.jar:/Users/josh.mccluskey/.m2/repository/org/junit/platform/junit-platform-commons/1.10.3/junit-platform-commons-1.10.3.jar:/Users/josh.mccluskey/.m2/repository/org/apiguardian/apiguardian-api/1.1.2/apiguardian-api-1.1.2.jar:/Users/josh.mccluskey/.m2/repository/org/junit/jupiter/junit-jupiter-params/5.10.3/junit-jupiter-params-5.10.3.jar:/Users/josh.mccluskey/.m2/repository/org/junit/jupiter/junit-jupiter-engine/5.10.3/junit-jupiter-engine-5.10.3.jar:/Users/josh.mccluskey/.m2/repository/org/junit/platform/junit-platform-engine/1.10.3/junit-platform-engine-1.10.3.jar:/Users/josh.mccluskey/.m2/repository/org/mockito/mockito-core/5.11.0/mockito-core-5.11.0.jar:/Users/josh.mccluskey/.m2/repository/net/bytebuddy/byte-buddy-agent/1.14.19/byte-buddy-agent-1.14.19.jar:/Users/josh.mccluskey/.m2/repository/org/objenesis/objenesis/3.3/objenesis-3.3.jar:/Users/josh.mccluskey/.m2/repository/org/mockito/mockito-junit-jupiter/5.11.0/mockito-junit-jupiter-5.11.0.jar:/Users/josh.mccluskey/.m2/repository/org/skyscreamer/jsonassert/1.5.3/jsonassert-1.5.3.jar:/Users/josh.mccluskey/.m2/repository/com/vaadin/external/google/android-json/0.0.20131108.vaadin1/android-json-0.0.20131108.vaadin1.jar:/Users/josh.mccluskey/.m2/repository/org/springframework/spring-core/6.1.12/spring-core-6.1.12.jar:/Users/josh.mccluskey/.m2/repository/org/springframework/spring-jcl/6.1.12/spring-jcl-6.1.12.jar:/Users/josh.mccluskey/.m2/repository/org/springframework/spring-test/6.1.12/spring-test-6.1.12.jar:/Users/josh.mccluskey/.m2/repository/org/xmlunit/xmlunit-core/2.9.1/xmlunit-core-2.9.1.jar:/Users/josh.mccluskey/.m2/repository/com/opencsv/opencsv/5.7.1/opencsv-5.7.1.jar:/Users/josh.mccluskey/.m2/repository/org/apache/commons/commons-lang3/3.14.0/commons-lang3-3.14.0.jar:/Users/josh.mccluskey/.m2/repository/org/apache/commons/commons-text/1.10.0/commons-text-1.10.0.jar:/Users/josh.mccluskey/.m2/repository/commons-beanutils/commons-beanutils/1.9.4/commons-beanutils-1.9.4.jar:/Users/josh.mccluskey/.m2/repository/commons-logging/commons-logging/1.2/commons-logging-1.2.jar:/Users/josh.mccluskey/.m2/repository/commons-collections/commons-collections/3.2.2/commons-collections-3.2.2.jar:/Users/josh.mccluskey/.m2/repository/org/apache/commons/commons-collections4/4.4/commons-collections4-4.4.jar:"/>
    <property name="java.vm.vendor" value="Homebrew"/>
    <property name="sun.arch.data.model" value="64"/>
    <property name="java.vendor.url" value="https://github.com/Homebrew/homebrew-core/issues"/>
    <property name="user.timezone" value="America/Los_Angeles"/>
    <property name="os.name" value="Mac OS X"/>
    <property name="java.vm.specification.version" value="22"/>
    <property name="sun.java.launcher" value="SUN_STANDARD"/>
    <property name="user.country" value="US"/>
    <property name="sun.boot.library.path" value="/opt/homebrew/Cellar/openjdk/22.0.2/libexec/openjdk.jdk/Contents/Home/lib"/>
    <property name="sun.java.command" value="/Users/josh.mccluskey/Desktop/zipcode-importer/target/surefire/surefirebooter-20240910073700796_3.jar /Users/josh.mccluskey/Desktop/zipcode-importer/target/surefire 2024-09-10T07-36-59_594-jvmRun1 surefire-20240910073700796_1tmp surefire_0-20240910073700796_2tmp"/>
    <property name="http.nonProxyHosts" value="local|*.local|169.254/16|*.169.254/16"/>
    <property name="jdk.debug" value="release"/>
    <property name="surefire.test.class.path" value="/Users/josh.mccluskey/Desktop/zipcode-importer/target/test-classes:/Users/josh.mccluskey/Desktop/zipcode-importer/target/classes:/Users/josh.mccluskey/.m2/repository/org/springframework/boot/spring-boot-starter-data-mongodb/3.3.3/spring-boot-starter-data-mongodb-3.3.3.jar:/Users/josh.mccluskey/.m2/repository/org/springframework/boot/spring-boot-starter/3.3.3/spring-boot-starter-3.3.3.jar:/Users/josh.mccluskey/.m2/repository/org/springframework/boot/spring-boot-starter-logging/3.3.3/spring-boot-starter-logging-3.3.3.jar:/Users/josh.mccluskey/.m2/repository/ch/qos/logback/logback-classic/1.5.7/logback-classic-1.5.7.jar:/Users/josh.mccluskey/.m2/repository/ch/qos/logback/logback-core/1.5.7/logback-core-1.5.7.jar:/Users/josh.mccluskey/.m2/repository/org/apache/logging/log4j/log4j-to-slf4j/2.23.1/log4j-to-slf4j-2.23.1.jar:/Users/josh.mccluskey/.m2/repository/org/apache/logging/log4j/log4j-api/2.23.1/log4j-api-2.23.1.jar:/Users/josh.mccluskey/.m2/repository/org/slf4j/jul-to-slf4j/2.0.16/jul-to-slf4j-2.0.16.jar:/Users/josh.mccluskey/.m2/repository/jakarta/annotation/jakarta.annotation-api/2.1.1/jakarta.annotation-api-2.1.1.jar:/Users/josh.mccluskey/.m2/repository/org/yaml/snakeyaml/2.2/snakeyaml-2.2.jar:/Users/josh.mccluskey/.m2/repository/org/mongodb/mongodb-driver-sync/5.0.1/mongodb-driver-sync-5.0.1.jar:/Users/josh.mccluskey/.m2/repository/org/mongodb/bson/5.0.1/bson-5.0.1.jar:/Users/josh.mccluskey/.m2/repository/org/mongodb/mongodb-driver-core/5.0.1/mongodb-driver-core-5.0.1.jar:/Users/josh.mccluskey/.m2/repository/org/mongodb/bson-record-codec/5.0.1/bson-record-codec-5.0.1.jar:/Users/josh.mccluskey/.m2/repository/org/springframework/data/spring-data-mongodb/4.3.3/spring-data-mongodb-4.3.3.jar:/Users/josh.mccluskey/.m2/repository/org/springframework/spring-tx/6.1.12/spring-tx-6.1.12.jar:/Users/josh.mccluskey/.m2/repository/org/springframework/spring-context/6.1.12/spring-context-6.1.12.jar:/Users/josh.mccluskey/.m2/repository/org/springframework/spring-aop/6.1.12/spring-aop-6.1.12.jar:/Users/josh.mccluskey/.m2/repository/io/micrometer/micrometer-observation/1.13.3/micrometer-observation-1.13.3.jar:/Users/josh.mccluskey/.m2/repository/io/micrometer/micrometer-commons/1.13.3/micrometer-commons-1.13.3.jar:/Users/josh.mccluskey/.m2/repository/org/springframework/spring-beans/6.1.12/spring-beans-6.1.12.jar:/Users/josh.mccluskey/.m2/repository/org/springframework/spring-expression/6.1.12/spring-expression-6.1.12.jar:/Users/josh.mccluskey/.m2/repository/org/springframework/data/spring-data-commons/3.3.3/spring-data-commons-3.3.3.jar:/Users/josh.mccluskey/.m2/repository/org/slf4j/slf4j-api/2.0.16/slf4j-api-2.0.16.jar:/Users/josh.mccluskey/.m2/repository/org/springframework/boot/spring-boot-devtools/3.3.3/spring-boot-devtools-3.3.3.jar:/Users/josh.mccluskey/.m2/repository/org/springframework/boot/spring-boot/3.3.3/spring-boot-3.3.3.jar:/Users/josh.mccluskey/.m2/repository/org/springframework/boot/spring-boot-autoconfigure/3.3.3/spring-boot-autoconfigure-3.3.3.jar:/Users/josh.mccluskey/.m2/repository/org/projectlombok/lombok/1.18.34/lombok-1.18.34.jar:/Users/josh.mccluskey/.m2/repository/org/springframework/boot/spring-boot-starter-test/3.3.3/spring-boot-starter-test-3.3.3.jar:/Users/josh.mccluskey/.m2/repository/org/springframework/boot/spring-boot-test/3.3.3/spring-boot-test-3.3.3.jar:/Users/josh.mccluskey/.m2/repository/org/springframework/boot/spring-boot-test-autoconfigure/3.3.3/spring-boot-test-autoconfigure-3.3.3.jar:/Users/josh.mccluskey/.m2/repository/com/jayway/jsonpath/json-path/2.9.0/json-path-2.9.0.jar:/Users/josh.mccluskey/.m2/repository/jakarta/xml/bind/jakarta.xml.bind-api/4.0.2/jakarta.xml.bind-api-4.0.2.jar:/Users/josh.mccluskey/.m2/repository/jakarta/activation/jakarta.activation-api/2.1.3/jakarta.activation-api-2.1.3.jar:/Users/josh.mccluskey/.m2/repository/net/minidev/json-smart/2.5.1/json-smart-2.5.1.jar:/Users/josh.mccluskey/.m2/repository/net/minidev/accessors-smart/2.5.1/accessors-smart-2.5.1.jar:/Users/josh.mccluskey/.m2/repository/org/ow2/asm/asm/9.6/asm-9.6.jar:/Users/josh.mccluskey/.m2/repository/org/assertj/assertj-core/3.25.3/assertj-core-3.25.3.jar:/Users/josh.mccluskey/.m2/repository/net/bytebuddy/byte-buddy/1.14.19/byte-buddy-1.14.19.jar:/Users/josh.mccluskey/.m2/repository/org/awaitility/awaitility/4.2.2/awaitility-4.2.2.jar:/Users/josh.mccluskey/.m2/repository/org/hamcrest/hamcrest/2.2/hamcrest-2.2.jar:/Users/josh.mccluskey/.m2/repository/org/junit/jupiter/junit-jupiter/5.10.3/junit-jupiter-5.10.3.jar:/Users/josh.mccluskey/.m2/repository/org/junit/jupiter/junit-jupiter-api/5.10.3/junit-jupiter-api-5.10.3.jar:/Users/josh.mccluskey/.m2/repository/org/opentest4j/opentest4j/1.3.0/opentest4j-1.3.0.jar:/Users/josh.mccluskey/.m2/repository/org/junit/platform/junit-platform-commons/1.10.3/junit-platform-commons-1.10.3.jar:/Users/josh.mccluskey/.m2/repository/org/apiguardian/apiguardian-api/1.1.2/apiguardian-api-1.1.2.jar:/Users/josh.mccluskey/.m2/repository/org/junit/jupiter/junit-jupiter-params/5.10.3/junit-jupiter-params-5.10.3.jar:/Users/josh.mccluskey/.m2/repository/org/junit/jupiter/junit-jupiter-engine/5.10.3/junit-jupiter-engine-5.10.3.jar:/Users/josh.mccluskey/.m2/repository/org/junit/platform/junit-platform-engine/1.10.3/junit-platform-engine-1.10.3.jar:/Users/josh.mccluskey/.m2/repository/org/mockito/mockito-core/5.11.0/mockito-core-5.11.0.jar:/Users/josh.mccluskey/.m2/repository/net/bytebuddy/byte-buddy-agent/1.14.19/byte-buddy-agent-1.14.19.jar:/Users/josh.mccluskey/.m2/repository/org/objenesis/objenesis/3.3/objenesis-3.3.jar:/Users/josh.mccluskey/.m2/repository/org/mockito/mockito-junit-jupiter/5.11.0/mockito-junit-jupiter-5.11.0.jar:/Users/josh.mccluskey/.m2/repository/org/skyscreamer/jsonassert/1.5.3/jsonassert-1.5.3.jar:/Users/josh.mccluskey/.m2/repository/com/vaadin/external/google/android-json/0.0.20131108.vaadin1/android-json-0.0.20131108.vaadin1.jar:/Users/josh.mccluskey/.m2/repository/org/springframework/spring-core/6.1.12/spring-core-6.1.12.jar:/Users/josh.mccluskey/.m2/repository/org/springframework/spring-jcl/6.1.12/spring-jcl-6.1.12.jar:/Users/josh.mccluskey/.m2/repository/org/springframework/spring-test/6.1.12/spring-test-6.1.12.jar:/Users/josh.mccluskey/.m2/repository/org/xmlunit/xmlunit-core/2.9.1/xmlunit-core-2.9.1.jar:/Users/josh.mccluskey/.m2/repository/com/opencsv/opencsv/5.7.1/opencsv-5.7.1.jar:/Users/josh.mccluskey/.m2/repository/org/apache/commons/commons-lang3/3.14.0/commons-lang3-3.14.0.jar:/Users/josh.mccluskey/.m2/repository/org/apache/commons/commons-text/1.10.0/commons-text-1.10.0.jar:/Users/josh.mccluskey/.m2/repository/commons-beanutils/commons-beanutils/1.9.4/commons-beanutils-1.9.4.jar:/Users/josh.mccluskey/.m2/repository/commons-logging/commons-logging/1.2/commons-logging-1.2.jar:/Users/josh.mccluskey/.m2/repository/commons-collections/commons-collections/3.2.2/commons-collections-3.2.2.jar:/Users/josh.mccluskey/.m2/repository/org/apache/commons/commons-collections4/4.4/commons-collections4-4.4.jar:"/>
    <property name="sun.cpu.endian" value="little"/>
    <property name="user.home" value="/Users/josh.mccluskey"/>
    <property name="user.language" value="en"/>
    <property name="java.specification.vendor" value="Oracle Corporation"/>
    <property name="java.version.date" value="2024-07-16"/>
    <property name="java.home" value="/opt/homebrew/Cellar/openjdk/22.0.2/libexec/openjdk.jdk/Contents/Home"/>
    <property name="file.separator" value="/"/>
    <property name="basedir" value="/Users/josh.mccluskey/Desktop/zipcode-importer"/>
    <property name="java.vm.compressedOopsMode" value="Zero based"/>
    <property name="line.separator" value="&#10;"/>
    <property name="java.vm.specification.vendor" value="Oracle Corporation"/>
    <property name="java.specification.name" value="Java Platform API Specification"/>
    <property name="FILE_LOG_CHARSET" value="UTF-8"/>
    <property name="java.awt.headless" value="true"/>
    <property name="apple.awt.application.name" value="ForkedBooter"/>
    <property name="surefire.real.class.path" value="/Users/josh.mccluskey/Desktop/zipcode-importer/target/surefire/surefirebooter-20240910073700796_3.jar"/>
    <property name="sun.management.compiler" value="HotSpot 64-Bit Tiered Compilers"/>
    <property name="ftp.nonProxyHosts" value="local|*.local|169.254/16|*.169.254/16"/>
    <property name="java.runtime.version" value="22.0.2"/>
    <property name="user.name" value="josh.mccluskey"/>
    <property name="stdout.encoding" value="UTF-8"/>
    <property name="path.separator" value=":"/>
    <property name="os.version" value="14.6.1"/>
    <property name="java.runtime.name" value="OpenJDK Runtime Environment"/>
    <property name="file.encoding" value="UTF-8"/>
    <property name="java.vm.name" value="OpenJDK 64-Bit Server VM"/>
    <property name="java.vendor.version" value="Homebrew"/>
    <property name="localRepository" value="/Users/josh.mccluskey/.m2/repository"/>
    <property name="java.vendor.url.bug" value="https://github.com/Homebrew/homebrew-core/issues"/>
    <property name="java.io.tmpdir" value="/var/folders/t2/gqynpzws1vxfwhd5d5hx6t580000gp/T/"/>
    <property name="java.version" value="22.0.2"/>
    <property name="user.dir" value="/Users/josh.mccluskey/Desktop/zipcode-importer"/>
    <property name="os.arch" value="aarch64"/>
    <property name="java.vm.specification.name" value="Java Virtual Machine Specification"/>
    <property name="PID" value="78782"/>
    <property name="CONSOLE_LOG_CHARSET" value="UTF-8"/>
    <property name="native.encoding" value="UTF-8"/>
    <property name="java.library.path" value="/Users/josh.mccluskey/Library/Java/Extensions:/Library/Java/Extensions:/Network/Library/Java/Extensions:/System/Library/Java/Extensions:/usr/lib/java:."/>
    <property name="java.vm.info" value="mixed mode, sharing"/>
    <property name="stderr.encoding" value="UTF-8"/>
    <property name="java.vendor" value="Homebrew"/>
    <property name="java.vm.version" value="22.0.2"/>
    <property name="sun.io.unicode.encoding" value="UnicodeBig"/>
    <property name="socksNonProxyHosts" value="local|*.local|169.254/16|*.169.254/16"/>
    <property name="java.class.version" value="66.0"/>
    <property name="LOGGED_APPLICATION_NAME" value="[zipcode-importer] "/>
  </properties>
  <testcase name="contextLoads" classname="com.example.zipcodeimporter.ZipcodeImporterApplicationTests" time="0.481">
    <system-out><![CDATA[07:37:01.256 [main] INFO org.springframework.test.context.support.AnnotationConfigContextLoaderUtils -- Could not detect default configuration classes for test class [com.example.zipcodeimporter.ZipcodeImporterApplicationTests]: ZipcodeImporterApplicationTests does not declare any static, non-private, non-final, nested classes annotated with @Configuration.
07:37:01.300 [main] INFO org.springframework.boot.test.context.SpringBootTestContextBootstrapper -- Found @SpringBootConfiguration com.example.zipcodeimporter.ZipcodeImporterApplication for test class com.example.zipcodeimporter.ZipcodeImporterApplicationTests
07:37:01.360 [main] INFO org.springframework.boot.devtools.restart.RestartApplicationListener -- Restart disabled due to context in which it is running

  .   ____          _            __ _ _
 /\\ / ___'_ __ _ _(_)_ __  __ _ \ \ \ \
( ( )\___ | '_ | '_| | '_ \/ _` | \ \ \ \
 \\/  ___)| |_)| | | | | || (_| |  ) ) ) )
  '  |____| .__|_| |_|_| |_\__, | / / / /
 =========|_|==============|___/=/_/_/_/

 :: Spring Boot ::                (v3.3.3)

2024-09-10T07:37:01.499-07:00  INFO 78782 --- [zipcode-importer] [           main] c.e.z.ZipcodeImporterApplicationTests    : Starting ZipcodeImporterApplicationTests using Java 22.0.2 with PID 78782 (started by josh.mccluskey in /Users/josh.mccluskey/Desktop/zipcode-importer)
2024-09-10T07:37:01.499-07:00  INFO 78782 --- [zipcode-importer] [           main] c.e.z.ZipcodeImporterApplicationTests    : No active profile set, falling back to 1 default profile: "default"
2024-09-10T07:37:01.633-07:00  INFO 78782 --- [zipcode-importer] [           main] .s.d.r.c.RepositoryConfigurationDelegate : Bootstrapping Spring Data MongoDB repositories in DEFAULT mode.
2024-09-10T07:37:01.651-07:00  INFO 78782 --- [zipcode-importer] [           main] .s.d.r.c.RepositoryConfigurationDelegate : Finished Spring Data repository scanning in 17 ms. Found 1 MongoDB repository interface.
2024-09-10T07:37:01.875-07:00  INFO 78782 --- [zipcode-importer] [tqp.mongodb.net] org.mongodb.driver.cluster               : Adding discovered server bondtest-shard-00-00.qgtqp.mongodb.net:27016 to client view of cluster
2024-09-10T07:37:01.879-07:00  INFO 78782 --- [zipcode-importer] [           main] org.mongodb.driver.client                : MongoClient with metadata {"application": {"name": "bondTest"}, "driver": {"name": "mongo-java-driver|sync|spring-boot", "version": "5.0.1"}, "os": {"type": "Darwin", "name": "Mac OS X", "architecture": "aarch64", "version": "14.6.1"}, "platform": "Java/Homebrew/22.0.2"} created with settings MongoClientSettings{readPreference=primary, writeConcern=WriteConcern{w=majority, wTimeout=null ms, journal=null}, retryWrites=true, retryReads=true, readConcern=ReadConcern{level=null}, credential=MongoCredential{mechanism=null, userName='admin', source='admin', password=<hidden>, mechanismProperties=<hidden>}, transportSettings=null, commandListeners=[], codecRegistry=ProvidersCodecRegistry{codecProviders=[ValueCodecProvider{}, BsonValueCodecProvider{}, DBRefCodecProvider{}, DBObjectCodecProvider{}, DocumentCodecProvider{}, CollectionCodecProvider{}, IterableCodecProvider{}, MapCodecProvider{}, GeoJsonCodecProvider{}, GridFSFileCodecProvider{}, Jsr310CodecProvider{}, JsonObjectCodecProvider{}, BsonCodecProvider{}, EnumCodecProvider{}, com.mongodb.client.model.mql.ExpressionCodecProvider@2e1ddc90, com.mongodb.Jep395RecordCodecProvider@5b7c8930, com.mongodb.KotlinCodecProvider@58867cd5]}, loggerSettings=LoggerSettings{maxDocumentLength=1000}, clusterSettings={hosts=[127.0.0.1:27017], srvHost=bondtest.qgtqp.mongodb.net, srvServiceName=mongodb, mode=MULTIPLE, requiredClusterType=UNKNOWN, requiredReplicaSetName='null', serverSelector='null', clusterListeners='[]', serverSelectionTimeout='30000 ms', localThreshold='15 ms'}, socketSettings=SocketSettings{connectTimeoutMS=10000, readTimeoutMS=0, receiveBufferSize=0, proxySettings=ProxySettings{host=null, port=null, username=null, password=null}}, heartbeatSocketSettings=SocketSettings{connectTimeoutMS=10000, readTimeoutMS=10000, receiveBufferSize=0, proxySettings=ProxySettings{host=null, port=null, username=null, password=null}}, connectionPoolSettings=ConnectionPoolSettings{maxSize=100, minSize=0, maxWaitTimeMS=120000, maxConnectionLifeTimeMS=0, maxConnectionIdleTimeMS=0, maintenanceInitialDelayMS=0, maintenanceFrequencyMS=60000, connectionPoolListeners=[], maxConnecting=2}, serverSettings=ServerSettings{heartbeatFrequencyMS=10000, minHeartbeatFrequencyMS=500, serverListeners='[]', serverMonitorListeners='[]'}, sslSettings=SslSettings{enabled=true, invalidHostNameAllowed=false, context=null}, applicationName='bondTest', compressorList=[], uuidRepresentation=JAVA_LEGACY, serverApi=null, autoEncryptionSettings=null, dnsClient=null, inetAddressResolver=null, contextProvider=null}
2024-09-10T07:37:01.886-07:00  INFO 78782 --- [zipcode-importer] [tqp.mongodb.net] org.mongodb.driver.cluster               : Adding discovered server bondtest-shard-01-00.qgtqp.mongodb.net:27016 to client view of cluster
2024-09-10T07:37:01.888-07:00  INFO 78782 --- [zipcode-importer] [tqp.mongodb.net] org.mongodb.driver.cluster               : Adding discovered server bondtest-shard-01-01.qgtqp.mongodb.net:27016 to client view of cluster
2024-09-10T07:37:01.889-07:00  INFO 78782 --- [zipcode-importer] [tqp.mongodb.net] org.mongodb.driver.cluster               : Adding discovered server bondtest-shard-02-01.qgtqp.mongodb.net:27016 to client view of cluster
2024-09-10T07:37:01.891-07:00  INFO 78782 --- [zipcode-importer] [tqp.mongodb.net] org.mongodb.driver.cluster               : Adding discovered server bondtest-shard-02-00.qgtqp.mongodb.net:27016 to client view of cluster
2024-09-10T07:37:01.892-07:00  INFO 78782 --- [zipcode-importer] [tqp.mongodb.net] org.mongodb.driver.cluster               : Adding discovered server bondtest-shard-00-02.qgtqp.mongodb.net:27016 to client view of cluster
2024-09-10T07:37:01.894-07:00  INFO 78782 --- [zipcode-importer] [tqp.mongodb.net] org.mongodb.driver.cluster               : Adding discovered server bondtest-shard-01-02.qgtqp.mongodb.net:27016 to client view of cluster
2024-09-10T07:37:01.895-07:00  INFO 78782 --- [zipcode-importer] [tqp.mongodb.net] org.mongodb.driver.cluster               : Adding discovered server bondtest-shard-02-02.qgtqp.mongodb.net:27016 to client view of cluster
2024-09-10T07:37:01.896-07:00  INFO 78782 --- [zipcode-importer] [tqp.mongodb.net] org.mongodb.driver.cluster               : Adding discovered server bondtest-shard-00-01.qgtqp.mongodb.net:27016 to client view of cluster
2024-09-10T07:37:02.066-07:00  INFO 78782 --- [zipcode-importer] [           main] c.e.z.ZipcodeImporterApplicationTests    : Started ZipcodeImporterApplicationTests in 0.712 seconds (process running for 1.141)
Please provide the CSV file path as a command-line argument.
]]></system-out>
    <system-err><![CDATA[WARNING: A Java agent has been loaded dynamically (/Users/josh.mccluskey/.m2/repository/net/bytebuddy/byte-buddy-agent/1.14.19/byte-buddy-agent-1.14.19.jar)
WARNING: If a serviceability tool is in use, please run with -XX:+EnableDynamicAgentLoading to hide this warning
WARNING: If a serviceability tool is not in use, please run with -Djdk.instrument.traceUsage for more information
WARNING: Dynamic loading of agents will be disallowed by default in a future release
]]></system-err>
  </testcase>
</testsuite>